<?xml version="1.0" encoding="UTF-8"?>
<testsuite xmlns:xsi="http://www.w3.org/2001/XMLSchema-instance" xsi:noNamespaceSchemaLocation="https://maven.apache.org/surefire/maven-surefire-plugin/xsd/surefire-test-report.xsd" name="com.adactin.runner.Runner" time="44.508" tests="31" errors="0" skipped="0" failures="0">
  <properties>
[...]
</properties>
  <testcase name="Given user launch the browser" classname="Scenario: Successfull login into the adactin application with valid credential" time="0.003"/>
  <testcase name="When user enter application url" classname="Scenario: Successfull login into the adactin application with valid credential" time="0"/>
  <testcase name="And user enter valid username" classname="Scenario: Successfull login into the adactin application with valid credential" time="0.001"/>
  <testcase name="And user enter valid password" classname="Scenario: Successfull login into the adactin application with valid credential" time="0"/>
  <testcase name="Then user verify the username in the homepage" classname="Scenario: Successfull login into the adactin application with valid credential" time="0"/>
  <testcase name="Scenario: Successfull login into the adactin application with valid credential" classname="Scenario: Successfull login into the adactin application with valid credential" time="0.001"/>
  <testcase name="When user select location" classname="Scenario: Successfull search into the adactin application with valid credential" time="0"/>
  <testcase name="And user select hotels" classname="Scenario: Successfull search into the adactin application with valid credential" time="0"/>
  <testcase name="And user select RoomType" classname="Scenario: Successfull search into the adactin application with valid credential" time="0"/>
  <testcase name="And user select numberofrooms" classname="Scenario: Successfull search into the adactin application with valid credential" time="0"/>
  <testcase name="And user select checkindate" classname="Scenario: Successfull search into the adactin application with valid credential" time="0.001"/>
  <testcase name="And user select checkoutdate" classname="Scenario: Successfull search into the adactin application with valid credential" time="0"/>
  <testcase name="And user Select adultsperroom" classname="Scenario: Successfull search into the adactin application with valid credential" time="0"/>
  <testcase name="And user select childrenperroom" classname="Scenario: Successfull search into the adactin application with valid credential" time="0"/>
  <testcase name="Then user verify the serach in the loginpage" classname="Scenario: Successfull search into the adactin application with valid credential" time="0"/>
  <testcase name="Scenario: Successfull search into the adactin application with valid credential" classname="Scenario: Successfull search into the adactin application with valid credential" time="0.002"/>
  <testcase name="And user select select" classname="Scenario: Successfull select into the adactin application with valid credential" time="0.001"/>
  <testcase name="Then user verify the select in the loginpage" classname="Scenario: Successfull select into the adactin application with valid credential" time="0"/>
  <testcase name="Scenario: Successfull select into the adactin application with valid credential" classname="Scenario: Successfull select into the adactin application with valid credential" time="0"/>
  <testcase name="When user enter firstname" classname="Scenario: Successfull BookHotelPage into the adactin application with valid credential" time="0"/>
  <testcase name="And user enter lastname" classname="Scenario: Successfull BookHotelPage into the adactin application with valid credential" time="0"/>
  <testcase name="And user enter address" classname="Scenario: Successfull BookHotelPage into the adactin application with valid credential" time="0.001"/>
  <testcase name="And user enter creditcardno" classname="Scenario: Successfull BookHotelPage into the adactin application with valid credential" time="0"/>
  <testcase name="And user enter creditcardtype" classname="Scenario: Successfull BookHotelPage into the adactin application with valid credential" time="0"/>
  <testcase name="And user enter expirydate" classname="Scenario: Successfull BookHotelPage into the adactin application with valid credential" time="0.001"/>
  <testcase name="And user enter selectyear" classname="Scenario: Successfull BookHotelPage into the adactin application with valid credential" time="0"/>
  <testcase name="And user enter cvv no" classname="Scenario: Successfull BookHotelPage into the adactin application with valid credential" time="0"/>
  <testcase name="Then user select the booknow" classname="Scenario: Successfull BookHotelPage into the adactin application with valid credential" time="0"/>
  <testcase name="Scenario: Successfull BookHotelPage into the adactin application with valid credential" classname="Scenario: Successfull BookHotelPage into the adactin application with valid credential" time="0.014"/>
  <testcase name="Then :user enter logoutpage" classname="Scenario: Successfull LogoutPage into the adactin application with valid credential" time="0"/>
  <testcase name="Scenario: Successfull LogoutPage into the adactin application with valid credential" classname="Scenario: Successfull LogoutPage into the adactin application with valid credential" time="0.002"/>
</testsuite>